<?xml version="1.0" encoding="UTF-8"?>
<!-- Generated by org.testng.reporters.JUnitReportReporter -->
<testsuite skipped="0" hostname="MacBook-Air.local" name="com.binupjewelry.tests.SearchAndBuyRing" tests="1" failures="0" timestamp="09 Nov 2017 17:38:45 GMT" time="46.924" errors="0">
  <testcase name="SearchAndBuyRingTest" time="46.924" classname="com.binupjewelry.tests.SearchAndBuyRing"/>
</testsuite> <!-- com.binupjewelry.tests.SearchAndBuyRing -->
